parents_app/parents_app/build/app/intermediates/manifest_merge_blame_file/debug/manifest-merger-blame-debug-report.txt
1<?xml version="1.0" encoding="utf-8"?>
2<manifest xmlns:android="http://schemas.android.com/apk/res/android"
3    package="com.example.parents_app"
4    android:versionCode="1"
5    android:versionName="1.0.0" >
6
7    <uses-sdk
8        android:minSdkVersion="21"
9        android:targetSdkVersion="33" />
10    <!--
11         The INTERNET permission is required for development. Specifically,
12         the Flutter tool needs it to communicate with the running application
13         to allow setting breakpoints, to provide hot reload, etc.
14    -->
15    <uses-permission android:name="android.permission.INTERNET" />
15-->src/debug/AndroidManifest.xml:7:5-66
15-->src/debug/AndroidManifest.xml:7:22-64
16    <uses-permission android:name="android.permission.FOREGROUND_SERVICE" />
16-->src/main/AndroidManifest.xml:3:5-77
16-->src/main/AndroidManifest.xml:3:22-74
17    <uses-permission android:name="android.permission.WAKE_LOCK" />
17-->[:firebase_messaging] AndroidManifest.xml:10:5-68
17-->[:firebase_messaging] AndroidManifest.xml:10:22-65
18    <uses-permission android:name="android.permission.ACCESS_NETWORK_STATE" /> <!-- Permissions options for the `notification` group -->
18-->[:firebase_messaging] AndroidManifest.xml:11:5-79
18-->[:firebase_messaging] AndroidManifest.xml:11:22-76
19    <uses-permission android:name="android.permission.POST_NOTIFICATIONS" />
19-->[:firebase_messaging] AndroidManifest.xml:13:5-77
19-->[:firebase_messaging] AndroidManifest.xml:13:22-74
20    <uses-permission android:name="android.permission.RECEIVE_BOOT_COMPLETED" />
20-->[:flutter_local_notifications] AndroidManifest.xml:9:5-81
20-->[:flutter_local_notifications] AndroidManifest.xml:9:22-78
21    <uses-permission android:name="android.permission.VIBRATE" />
21-->[:flutter_local_notifications] AndroidManifest.xml:10:5-66
21-->[:flutter_local_notifications] AndroidManifest.xml:10:22-63
22    <uses-permission android:name="android.permission.USE_FULL_SCREEN_INTENT" />
22-->[:flutter_local_notifications] AndroidManifest.xml:11:5-81
22-->[:flutter_local_notifications] AndroidManifest.xml:11:22-78
23    <uses-permission android:name="android.permission.SCHEDULE_EXACT_ALARM" /> <!-- Required by older versions of Google Play services to create IID tokens -->
23-->[:flutter_local_notifications] AndroidManifest.xml:12:5-79
23-->[:flutter_local_notifications] AndroidManifest.xml:12:22-76
24    <uses-permission android:name="com.google.android.c2dm.permission.RECEIVE" />
24-->[com.google.firebase:firebase-iid:21.1.0] AndroidManifest.xml:26:5-82
24-->[com.google.firebase:firebase-iid:21.1.0] AndroidManifest.xml:26:22-79
25
26    <application
27        android:name="android.app.Application"
28        android:appComponentFactory="androidx.core.app.CoreComponentFactory"
28-->[androidx.core:core:1.6.0] AndroidManifest.xml:24:18-86
29        android:debuggable="true"
30        android:icon="@mipmap/ic_launcher"
31        android:label="parents_app" >
32        <activity
33            android:name="com.example.parents_app.MainActivity"
34            android:configChanges="orientation|keyboardHidden|keyboard|screenSize|smallestScreenSize|locale|layoutDirection|fontScale|screenLayout|density|uiMode"
35            android:exported="true"
36            android:hardwareAccelerated="true"
37            android:launchMode="singleTop"
38            android:theme="@style/LaunchTheme"
39            android:windowSoftInputMode="adjustResize" >
40
41            <!--
42                 Specifies an Android theme to apply to this Activity as soon as
43                 the Android process has started. This theme is visible to the user
44                 while the Flutter UI initializes. After that, this theme continues
45                 to determine the Window background behind the Flutter UI.
46            -->
47            <meta-data
48                android:name="io.flutter.embedding.android.NormalTheme"
49                android:resource="@style/NormalTheme" />
50
51            <intent-filter>
52                <action android:name="android.intent.action.MAIN" />
53
54                <category android:name="android.intent.category.LAUNCHER" />
55            </intent-filter>
56        </activity>
57
58        <service
59            android:name="com.example.parents_app.ForegroundService"
60            android:enabled="true"
61            android:exported="false" />
62        <!--
63             Don't delete the meta-data below.
64             This is used by the Flutter tool to generate GeneratedPluginRegistrant.java
65        -->
66        <meta-data
67            android:name="flutterEmbedding"
68            android:value="2" />
69
70        <!-- ... -->
71        <service
71-->[:firebase_crashlytics] AndroidManifest.xml:10:9-14:19
72            android:name="com.google.firebase.components.ComponentDiscoveryService"
72-->[:firebase_crashlytics] AndroidManifest.xml:10:18-89
73            android:directBootAware="true"
73-->[com.google.firebase:firebase-common:20.3.2] AndroidManifest.xml:34:13-43
74            android:exported="false" >
74-->[com.google.firebase:firebase-crashlytics:18.3.6] AndroidManifest.xml:16:13-37
75            <meta-data
75-->[:firebase_crashlytics] AndroidManifest.xml:11:13-13:85
76                android:name="com.google.firebase.components:io.flutter.plugins.firebase.crashlytics.FlutterFirebaseAppRegistrar"
76-->[:firebase_crashlytics] AndroidManifest.xml:12:17-130
77                android:value="com.google.firebase.components.ComponentRegistrar" />
77-->[:firebase_crashlytics] AndroidManifest.xml:13:17-82
78            <meta-data
78-->[:firebase_app_check] AndroidManifest.xml:11:13-13:85
79                android:name="com.google.firebase.components:io.flutter.plugins.firebase.appcheck.FlutterFirebaseAppRegistrar"
79-->[:firebase_app_check] AndroidManifest.xml:12:17-127
80                android:value="com.google.firebase.components.ComponentRegistrar" />
80-->[:firebase_app_check] AndroidManifest.xml:13:17-82
81            <meta-data
81-->[:firebase_messaging] AndroidManifest.xml:38:13-40:85
82                android:name="com.google.firebase.components:io.flutter.plugins.firebase.messaging.FlutterFirebaseAppRegistrar"
82-->[:firebase_messaging] AndroidManifest.xml:39:17-128
83                android:value="com.google.firebase.components.ComponentRegistrar" />
83-->[:firebase_messaging] AndroidManifest.xml:40:17-82
84            <meta-data
84-->[:firebase_core] AndroidManifest.xml:11:13-13:85
85                android:name="com.google.firebase.components:io.flutter.plugins.firebase.core.FlutterFirebaseCoreRegistrar"
85-->[:firebase_core] AndroidManifest.xml:12:17-124
86                android:value="com.google.firebase.components.ComponentRegistrar" />
86-->[:firebase_core] AndroidManifest.xml:13:17-82
87            <meta-data
87-->[com.google.firebase:firebase-crashlytics:18.3.6] AndroidManifest.xml:17:13-19:85
88                android:name="com.google.firebase.components:com.google.firebase.crashlytics.CrashlyticsRegistrar"
88-->[com.google.firebase:firebase-crashlytics:18.3.6] AndroidManifest.xml:18:17-115
89                android:value="com.google.firebase.components.ComponentRegistrar" />
89-->[com.google.firebase:firebase-crashlytics:18.3.6] AndroidManifest.xml:19:17-82
90            <meta-data
90-->[com.google.firebase:firebase-iid:21.1.0] AndroidManifest.xml:32:13-34:85
91                android:name="com.google.firebase.components:com.google.firebase.iid.Registrar"
91-->[com.google.firebase:firebase-iid:21.1.0] AndroidManifest.xml:33:17-96
92                android:value="com.google.firebase.components.ComponentRegistrar" />
92-->[com.google.firebase:firebase-iid:21.1.0] AndroidManifest.xml:34:17-82
93            <meta-data
93-->[com.google.firebase:firebase-messaging:23.1.2] AndroidManifest.xml:55:13-57:85
94                android:name="com.google.firebase.components:com.google.firebase.messaging.FirebaseMessagingRegistrar"
94-->[com.google.firebase:firebase-messaging:23.1.2] AndroidManifest.xml:56:17-119
95                android:value="com.google.firebase.components.ComponentRegistrar" />
95-->[com.google.firebase:firebase-messaging:23.1.2] AndroidManifest.xml:57:17-82
96            <meta-data
96-->[com.google.firebase:firebase-appcheck-safetynet:16.1.2] AndroidManifest.xml:27:13-29:85
97                android:name="com.google.firebase.components:com.google.firebase.appcheck.safetynet.FirebaseAppCheckSafetyNetRegistrar"
97-->[com.google.firebase:firebase-appcheck-safetynet:16.1.2] AndroidManifest.xml:28:17-136
98                android:value="com.google.firebase.components.ComponentRegistrar" />
98-->[com.google.firebase:firebase-appcheck-safetynet:16.1.2] AndroidManifest.xml:29:17-82
99            <meta-data
99-->[com.google.firebase:firebase-appcheck-debug:16.1.2] AndroidManifest.xml:27:13-29:85
100                android:name="com.google.firebase.components:com.google.firebase.appcheck.debug.FirebaseAppCheckDebugRegistrar"
100-->[com.google.firebase:firebase-appcheck-debug:16.1.2] AndroidManifest.xml:28:17-128
101                android:value="com.google.firebase.components.ComponentRegistrar" />
101-->[com.google.firebase:firebase-appcheck-debug:16.1.2] AndroidManifest.xml:29:17-82
102            <meta-data
102-->[com.google.firebase:firebase-appcheck-playintegrity:16.1.2] AndroidManifest.xml:27:13-29:85
103                android:name="com.google.firebase.components:com.google.firebase.appcheck.playintegrity.FirebaseAppCheckPlayIntegrityRegistrar"
103-->[com.google.firebase:firebase-appcheck-playintegrity:16.1.2] AndroidManifest.xml:28:17-144
104                android:value="com.google.firebase.components.ComponentRegistrar" />
104-->[com.google.firebase:firebase-appcheck-playintegrity:16.1.2] AndroidManifest.xml:29:17-82
105            <meta-data
105-->[com.google.firebase:firebase-appcheck:16.1.2] AndroidManifest.xml:27:13-29:85
106                android:name="com.google.firebase.components:com.google.firebase.appcheck.FirebaseAppCheckRegistrar"
106-->[com.google.firebase:firebase-appcheck:16.1.2] AndroidManifest.xml:28:17-117
107                android:value="com.google.firebase.components.ComponentRegistrar" />
107-->[com.google.firebase:firebase-appcheck:16.1.2] AndroidManifest.xml:29:17-82
108            <meta-data
108-->[com.google.firebase:firebase-installations:17.1.3] AndroidManifest.xml:17:13-19:85
109                android:name="com.google.firebase.components:com.google.firebase.installations.FirebaseInstallationsRegistrar"
109-->[com.google.firebase:firebase-installations:17.1.3] AndroidManifest.xml:18:17-127
110                android:value="com.google.firebase.components.ComponentRegistrar" />
110-->[com.google.firebase:firebase-installations:17.1.3] AndroidManifest.xml:19:17-82
111            <meta-data
111-->[com.google.firebase:firebase-datatransport:18.1.7] AndroidManifest.xml:27:13-29:85
112                android:name="com.google.firebase.components:com.google.firebase.datatransport.TransportRegistrar"
112-->[com.google.firebase:firebase-datatransport:18.1.7] AndroidManifest.xml:28:17-115
113                android:value="com.google.firebase.components.ComponentRegistrar" />
113-->[com.google.firebase:firebase-datatransport:18.1.7] AndroidManifest.xml:29:17-82
114        </service>
115        <service
115-->[:firebase_messaging] AndroidManifest.xml:16:9-19:72
116            android:name="io.flutter.plugins.firebase.messaging.FlutterFirebaseMessagingBackgroundService"
116-->[:firebase_messaging] AndroidManifest.xml:17:13-107
117            android:exported="false"
117-->[:firebase_messaging] AndroidManifest.xml:18:13-37
118            android:permission="android.permission.BIND_JOB_SERVICE" />
118-->[:firebase_messaging] AndroidManifest.xml:19:13-69
119        <service
119-->[:firebase_messaging] AndroidManifest.xml:20:9-26:19
120            android:name="io.flutter.plugins.firebase.messaging.FlutterFirebaseMessagingService"
120-->[:firebase_messaging] AndroidManifest.xml:21:13-97
121            android:exported="false" >
121-->[:firebase_messaging] AndroidManifest.xml:22:13-37
122            <intent-filter>
122-->[:firebase_messaging] AndroidManifest.xml:23:13-25:29
123                <action android:name="com.google.firebase.MESSAGING_EVENT" />
123-->[:firebase_messaging] AndroidManifest.xml:24:17-78
123-->[:firebase_messaging] AndroidManifest.xml:24:25-75
124            </intent-filter>
125        </service>
126
127        <receiver
127-->[:firebase_messaging] AndroidManifest.xml:28:9-35:20
128            android:name="io.flutter.plugins.firebase.messaging.FlutterFirebaseMessagingReceiver"
128-->[:firebase_messaging] AndroidManifest.xml:29:13-98
129            android:exported="true"
129-->[:firebase_messaging] AndroidManifest.xml:30:13-36
130            android:permission="com.google.android.c2dm.permission.SEND" >
130-->[:firebase_messaging] AndroidManifest.xml:31:13-73
131            <intent-filter>
131-->[:firebase_messaging] AndroidManifest.xml:32:13-34:29
132                <action android:name="com.google.android.c2dm.intent.RECEIVE" />
132-->[:firebase_messaging] AndroidManifest.xml:33:17-81
132-->[:firebase_messaging] AndroidManifest.xml:33:25-78
133            </intent-filter>
134        </receiver>
135
136        <provider
136-->[:firebase_messaging] AndroidManifest.xml:43:9-47:38
137            android:name="io.flutter.plugins.firebase.messaging.FlutterFirebaseMessagingInitProvider"
137-->[:firebase_messaging] AndroidManifest.xml:44:13-102
138            android:authorities="com.example.parents_app.flutterfirebasemessaginginitprovider"
138-->[:firebase_messaging] AndroidManifest.xml:45:13-88
139            android:exported="false"
139-->[:firebase_messaging] AndroidManifest.xml:46:13-37
140            android:initOrder="99" />
140-->[:firebase_messaging] AndroidManifest.xml:47:13-35
141
142        <receiver
142-->[:flutter_local_notifications] AndroidManifest.xml:16:9-18:40
143            android:name="com.dexterous.flutterlocalnotifications.ActionBroadcastReceiver"
143-->[:flutter_local_notifications] AndroidManifest.xml:17:13-91
144            android:exported="false" />
144-->[:flutter_local_notifications] AndroidManifest.xml:18:13-37
145        <receiver
145-->[:flutter_local_notifications] AndroidManifest.xml:19:9-21:40
146            android:name="com.dexterous.flutterlocalnotifications.ScheduledNotificationReceiver"
146-->[:flutter_local_notifications] AndroidManifest.xml:20:13-97
147            android:exported="false" />
147-->[:flutter_local_notifications] AndroidManifest.xml:21:13-37
148        <receiver
148-->[:flutter_local_notifications] AndroidManifest.xml:22:9-31:20
149            android:name="com.dexterous.flutterlocalnotifications.ScheduledNotificationBootReceiver"
149-->[:flutter_local_notifications] AndroidManifest.xml:23:13-101
150            android:exported="false" >
150-->[:flutter_local_notifications] AndroidManifest.xml:24:13-37
151            <intent-filter>
151-->[:flutter_local_notifications] AndroidManifest.xml:25:13-30:29
152                <action android:name="android.intent.action.BOOT_COMPLETED" />
152-->[:flutter_local_notifications] AndroidManifest.xml:26:17-79
152-->[:flutter_local_notifications] AndroidManifest.xml:26:25-76
153                <action android:name="android.intent.action.MY_PACKAGE_REPLACED" />
153-->[:flutter_local_notifications] AndroidManifest.xml:27:17-84
153-->[:flutter_local_notifications] AndroidManifest.xml:27:25-81
154                <action android:name="android.intent.action.QUICKBOOT_POWERON" />
154-->[:flutter_local_notifications] AndroidManifest.xml:28:17-82
154-->[:flutter_local_notifications] AndroidManifest.xml:28:25-79
155                <action android:name="com.htc.intent.action.QUICKBOOT_POWERON" />
155-->[:flutter_local_notifications] AndroidManifest.xml:29:17-82
155-->[:flutter_local_notifications] AndroidManifest.xml:29:25-79
156            </intent-filter>
157        </receiver>
158
159        <activity
159-->[:url_launcher_android] AndroidManifest.xml:10:9-13:74
160            android:name="io.flutter.plugins.urllauncher.WebViewActivity"
160-->[:url_launcher_android] AndroidManifest.xml:11:13-74
161            android:exported="false"
161-->[:url_launcher_android] AndroidManifest.xml:12:13-37
162            android:theme="@android:style/Theme.NoTitleBar.Fullscreen" />
162-->[:url_launcher_android] AndroidManifest.xml:13:13-71
163
164        <service
164-->[:flutter_background_service_android] AndroidManifest.xml:14:9-18:44
165            android:name="id.flutter.flutter_background_service.BackgroundService"
165-->[:flutter_background_service_android] AndroidManifest.xml:15:13-83
166            android:enabled="true"
166-->[:flutter_background_service_android] AndroidManifest.xml:16:13-35
167            android:exported="true"
167-->[:flutter_background_service_android] AndroidManifest.xml:17:13-36
168            android:stopWithTask="false" />
168-->[:flutter_background_service_android] AndroidManifest.xml:18:13-41
169
170        <receiver
170-->[:flutter_background_service_android] AndroidManifest.xml:20:9-23:39
171            android:name="id.flutter.flutter_background_service.WatchdogReceiver"
171-->[:flutter_background_service_android] AndroidManifest.xml:21:13-82
172            android:enabled="true"
172-->[:flutter_background_service_android] AndroidManifest.xml:22:13-35
173            android:exported="true" />
173-->[:flutter_background_service_android] AndroidManifest.xml:23:13-36
174        <receiver
174-->[:flutter_background_service_android] AndroidManifest.xml:24:9-32:20
175            android:name="id.flutter.flutter_background_service.BootReceiver"
175-->[:flutter_background_service_android] AndroidManifest.xml:25:13-78
176            android:enabled="true"
176-->[:flutter_background_service_android] AndroidManifest.xml:26:13-35
177            android:exported="true" >
177-->[:flutter_background_service_android] AndroidManifest.xml:27:13-36
178            <intent-filter>
178-->[:flutter_background_service_android] AndroidManifest.xml:28:13-31:29
179                <action android:name="android.intent.action.BOOT_COMPLETED" />
179-->[:flutter_local_notifications] AndroidManifest.xml:26:17-79
179-->[:flutter_local_notifications] AndroidManifest.xml:26:25-76
180                <action android:name="android.intent.action.QUICKBOOT_POWERON" />
180-->[:flutter_local_notifications] AndroidManifest.xml:28:17-82
180-->[:flutter_local_notifications] AndroidManifest.xml:28:25-79
181            </intent-filter>
182        </receiver>
183
184        <uses-library
184-->[androidx.window:window:1.0.0-beta04] AndroidManifest.xml:25:9-27:40
185            android:name="androidx.window.extensions"
185-->[androidx.window:window:1.0.0-beta04] AndroidManifest.xml:26:13-54
186            android:required="false" />
186-->[androidx.window:window:1.0.0-beta04] AndroidManifest.xml:27:13-37
187        <uses-library
187-->[androidx.window:window:1.0.0-beta04] AndroidManifest.xml:28:9-30:40
188            android:name="androidx.window.sidecar"
188-->[androidx.window:window:1.0.0-beta04] AndroidManifest.xml:29:13-51
189            android:required="false" />
189-->[androidx.window:window:1.0.0-beta04] AndroidManifest.xml:30:13-37
190
191        <receiver
191-->[com.google.firebase:firebase-messaging:23.1.2] AndroidManifest.xml:31:9-38:20
192            android:name="com.google.firebase.iid.FirebaseInstanceIdReceiver"
192-->[com.google.firebase:firebase-messaging:23.1.2] AndroidManifest.xml:32:13-78
193            android:exported="true"
193-->[com.google.firebase:firebase-messaging:23.1.2] AndroidManifest.xml:33:13-36
194            android:permission="com.google.android.c2dm.permission.SEND" >
194-->[com.google.firebase:firebase-messaging:23.1.2] AndroidManifest.xml:34:13-73
195            <intent-filter>
195-->[:firebase_messaging] AndroidManifest.xml:32:13-34:29
196                <action android:name="com.google.android.c2dm.intent.RECEIVE" />
196-->[:firebase_messaging] AndroidManifest.xml:33:17-81
196-->[:firebase_messaging] AndroidManifest.xml:33:25-78
197            </intent-filter>
198        </receiver>
199        <!--
200             FirebaseMessagingService performs security checks at runtime,
201             but set to not exported to explicitly avoid allowing another app to call it.
202        -->
203        <service
203-->[com.google.firebase:firebase-messaging:23.1.2] AndroidManifest.xml:44:9-51:19
204            android:name="com.google.firebase.messaging.FirebaseMessagingService"
204-->[com.google.firebase:firebase-messaging:23.1.2] AndroidManifest.xml:45:13-82
205            android:directBootAware="true"
205-->[com.google.firebase:firebase-messaging:23.1.2] AndroidManifest.xml:46:13-43
206            android:exported="false" >
206-->[com.google.firebase:firebase-messaging:23.1.2] AndroidManifest.xml:47:13-37
207            <intent-filter android:priority="-500" >
207-->[:firebase_messaging] AndroidManifest.xml:23:13-25:29
208                <action android:name="com.google.firebase.MESSAGING_EVENT" />
208-->[:firebase_messaging] AndroidManifest.xml:24:17-78
208-->[:firebase_messaging] AndroidManifest.xml:24:25-75
209            </intent-filter>
210        </service>
211
212        <activity
212-->[com.google.android.gms:play-services-auth:20.4.0] AndroidManifest.xml:23:9-27:75
213            android:name="com.google.android.gms.auth.api.signin.internal.SignInHubActivity"
213-->[com.google.android.gms:play-services-auth:20.4.0] AndroidManifest.xml:24:13-93
214            android:excludeFromRecents="true"
214-->[com.google.android.gms:play-services-auth:20.4.0] AndroidManifest.xml:25:13-46
215            android:exported="false"
215-->[com.google.android.gms:play-services-auth:20.4.0] AndroidManifest.xml:26:13-37
216            android:theme="@android:style/Theme.Translucent.NoTitleBar" />
216-->[com.google.android.gms:play-services-auth:20.4.0] AndroidManifest.xml:27:13-72
217        <!--
218            Service handling Google Sign-In user revocation. For apps that do not integrate with
219            Google Sign-In, this service will never be started.
220        -->
221        <service
221-->[com.google.android.gms:play-services-auth:20.4.0] AndroidManifest.xml:33:9-37:51
222            android:name="com.google.android.gms.auth.api.signin.RevocationBoundService"
222-->[com.google.android.gms:play-services-auth:20.4.0] AndroidManifest.xml:34:13-89
223            android:exported="true"
223-->[com.google.android.gms:play-services-auth:20.4.0] AndroidManifest.xml:35:13-36
224            android:permission="com.google.android.gms.auth.api.signin.permission.REVOCATION_NOTIFICATION"
224-->[com.google.android.gms:play-services-auth:20.4.0] AndroidManifest.xml:36:13-107
225            android:visibleToInstantApps="true" />
225-->[com.google.android.gms:play-services-auth:20.4.0] AndroidManifest.xml:37:13-48
226
227        <activity
227-->[com.google.android.gms:play-services-base:18.0.1] AndroidManifest.xml:20:9-22:45
228            android:name="com.google.android.gms.common.api.GoogleApiActivity"
228-->[com.google.android.gms:play-services-base:18.0.1] AndroidManifest.xml:20:19-85
229            android:exported="false"
229-->[com.google.android.gms:play-services-base:18.0.1] AndroidManifest.xml:22:19-43
230            android:theme="@android:style/Theme.Translucent.NoTitleBar" />
230-->[com.google.android.gms:play-services-base:18.0.1] AndroidManifest.xml:21:19-78
231
232        <provider
232-->[com.google.firebase:firebase-common:20.3.2] AndroidManifest.xml:25:9-30:39
233            android:name="com.google.firebase.provider.FirebaseInitProvider"
233-->[com.google.firebase:firebase-common:20.3.2] AndroidManifest.xml:26:13-77
234            android:authorities="com.example.parents_app.firebaseinitprovider"
234-->[com.google.firebase:firebase-common:20.3.2] AndroidManifest.xml:27:13-72
235            android:directBootAware="true"
235-->[com.google.firebase:firebase-common:20.3.2] AndroidManifest.xml:28:13-43
236            android:exported="false"
236-->[com.google.firebase:firebase-common:20.3.2] AndroidManifest.xml:29:13-37
237            android:initOrder="100" />
237-->[com.google.firebase:firebase-common:20.3.2] AndroidManifest.xml:30:13-36
238
239        <meta-data
239-->[com.google.android.gms:play-services-basement:18.1.0] AndroidManifest.xml:21:9-23:69
240            android:name="com.google.android.gms.version"
240-->[com.google.android.gms:play-services-basement:18.1.0] AndroidManifest.xml:22:13-58
241            android:value="@integer/google_play_services_version" />
241-->[com.google.android.gms:play-services-basement:18.1.0] AndroidManifest.xml:23:13-66
242
243        <service
243-->[com.google.android.datatransport:transport-backend-cct:3.1.9] AndroidManifest.xml:28:9-34:19
244            android:name="com.google.android.datatransport.runtime.backends.TransportBackendDiscovery"
244-->[com.google.android.datatransport:transport-backend-cct:3.1.9] AndroidManifest.xml:29:13-103
245            android:exported="false" >
245-->[com.google.android.datatransport:transport-backend-cct:3.1.9] AndroidManifest.xml:30:13-37
246            <meta-data
246-->[com.google.android.datatransport:transport-backend-cct:3.1.9] AndroidManifest.xml:31:13-33:39
247                android:name="backend:com.google.android.datatransport.cct.CctBackendFactory"
247-->[com.google.android.datatransport:transport-backend-cct:3.1.9] AndroidManifest.xml:32:17-94
248                android:value="cct" />
248-->[com.google.android.datatransport:transport-backend-cct:3.1.9] AndroidManifest.xml:33:17-36
249        </service>
250        <service
250-->[com.google.android.datatransport:transport-runtime:3.1.9] AndroidManifest.xml:26:9-30:19
251            android:name="com.google.android.datatransport.runtime.scheduling.jobscheduling.JobInfoSchedulerService"
251-->[com.google.android.datatransport:transport-runtime:3.1.9] AndroidManifest.xml:27:13-117
252            android:exported="false"
252-->[com.google.android.datatransport:transport-runtime:3.1.9] AndroidManifest.xml:28:13-37
253            android:permission="android.permission.BIND_JOB_SERVICE" >
253-->[com.google.android.datatransport:transport-runtime:3.1.9] AndroidManifest.xml:29:13-69
254        </service>
255
256        <receiver
256-->[com.google.android.datatransport:transport-runtime:3.1.9] AndroidManifest.xml:32:9-34:40
257            android:name="com.google.android.datatransport.runtime.scheduling.jobscheduling.AlarmManagerSchedulerBroadcastReceiver"
257-->[com.google.android.datatransport:transport-runtime:3.1.9] AndroidManifest.xml:33:13-132
258            android:exported="false" />
258-->[com.google.android.datatransport:transport-runtime:3.1.9] AndroidManifest.xml:34:13-37
259    </application>
260
261</manifest>